生成启动时间为 2015/11/15 16:42:06。
     1>项目“c:\Users\infertom-pc\documents\visual studio 2010\Projects\poj\poj\poj.vcxproj”在节点 2 上(build 个目标)。
     1>InitializeBuildStatus:
         正在创建“Debug\poj.unsuccessfulbuild”，因为已指定“AlwaysCreate”。
       ClCompile:
         D:\Microsoft Visual Studio 10.0\VC\bin\CL.exe /c /ZI /nologo /W3 /WX- /Od /Oy- /D WIN32 /D _DEBUG /D _CONSOLE /D _UNICODE /D UNICODE /Gm /EHsc /RTC1 /MDd /GS /fp:precise /Zc:wchar_t /Zc:forScope /Fo"Debug\\" /Fd"Debug\vc100.pdb" /Gd /TP /analyze- /errorReport:prompt 1061.cpp
         1061.cpp
     1>c:\users\infertom-pc\documents\visual studio 2010\projects\poj\poj\1061.cpp(52): warning C4996: 'scanf': This function or variable may be unsafe. Consider using scanf_s instead. To disable deprecation, use _CRT_SECURE_NO_WARNINGS. See online help for details.
                 d:\microsoft visual studio 10.0\vc\include\stdio.h(304) : 参见“scanf”的声明
       ManifestResourceCompile:
         所有输出均为最新。
       Link:
         D:\Microsoft Visual Studio 10.0\VC\bin\link.exe /ERRORREPORT:PROMPT /OUT:"c:\users\infertom-pc\documents\visual studio 2010\Projects\poj\Debug\poj.exe" /INCREMENTAL /NOLOGO kernel32.lib user32.lib gdi32.lib winspool.lib comdlg32.lib advapi32.lib shell32.lib ole32.lib oleaut32.lib uuid.lib odbc32.lib odbccp32.lib /MANIFEST /ManifestFile:"Debug\poj.exe.intermediate.manifest" /MANIFESTUAC:"level='asInvoker' uiAccess='false'" /DEBUG /PDB:"c:\users\infertom-pc\documents\visual studio 2010\Projects\poj\Debug\poj.pdb" /SUBSYSTEM:CONSOLE /TLBID:1 /DYNAMICBASE /NXCOMPAT /IMPLIB:"c:\users\infertom-pc\documents\visual studio 2010\Projects\poj\Debug\poj.lib" /MACHINE:X86 Debug\poj.exe.embed.manifest.res
         Debug\1061.obj
       Manifest:
         C:\Program Files (x86)\Microsoft SDKs\Windows\v7.0A\bin\mt.exe /nologo /verbose /out:"Debug\poj.exe.embed.manifest" /manifest Debug\poj.exe.intermediate.manifest
         所有输出均为最新。
       LinkEmbedManifest:
         所有输出均为最新。
         poj.vcxproj -> c:\users\infertom-pc\documents\visual studio 2010\Projects\poj\Debug\poj.exe
       FinalizeBuildStatus:
         正在删除文件“Debug\poj.unsuccessfulbuild”。
         正在对“Debug\poj.lastbuildstate”执行 Touch 任务。
     1>已完成生成项目“c:\Users\infertom-pc\documents\visual studio 2010\Projects\poj\poj\poj.vcxproj”(build 个目标)的操作。

生成成功。

已用时间 00:00:01.65
